2026-02-18T10:18:10.383+05:30  INFO 16600 --- [demo] [main] com.example.demo.DemoApplication         : Starting DemoApplication using Java 17.0.12 with PID 16600 (C:\Users\Wissen\Desktop\REST_ASSIGNMENT_STUDENT\demo\target\classes started by Wissen in C:\Users\Wissen\Desktop\REST_ASSIGNMENT_STUDENT\demo)
2026-02-18T10:18:10.400+05:30  INFO 16600 --- [demo] [main] com.example.demo.DemoApplication         : No active profile set, falling back to 1 default profile: "default"
2026-02-18T10:18:11.824+05:30  INFO 16600 --- [demo] [main] .s.d.r.c.RepositoryConfigurationDelegate : Bootstrapping Spring Data JPA repositories in DEFAULT mode.
2026-02-18T10:18:11.936+05:30  INFO 16600 --- [demo] [main] .s.d.r.c.RepositoryConfigurationDelegate : Finished Spring Data repository scanning in 85 ms. Found 1 JPA repository interface.
2026-02-18T10:18:12.809+05:30  INFO 16600 --- [demo] [main] o.s.boot.tomcat.TomcatWebServer          : Tomcat initialized with port 5000 (http)
2026-02-18T10:18:12.848+05:30  INFO 16600 --- [demo] [main] o.apache.catalina.core.StandardService   : Starting service [Tomcat]
2026-02-18T10:18:12.851+05:30  INFO 16600 --- [demo] [main] o.apache.catalina.core.StandardEngine    : Starting Servlet engine: [Apache Tomcat/11.0.15]
2026-02-18T10:18:13.006+05:30  INFO 16600 --- [demo] [main] b.w.c.s.WebApplicationContextInitializer : Root WebApplicationContext: initialization completed in 2511 ms
2026-02-18T10:18:13.340+05:30  INFO 16600 --- [demo] [main] org.hibernate.orm.jpa                    : HHH008540: Processing PersistenceUnitInfo [name: default]
2026-02-18T10:18:13.469+05:30  INFO 16600 --- [demo] [main] org.hibernate.orm.core                   : HHH000001: Hibernate ORM core version 7.2.1.Final
2026-02-18T10:18:14.396+05:30  INFO 16600 --- [demo] [main] o.s.o.j.p.SpringPersistenceUnitInfo      : No LoadTimeWeaver setup: ignoring JPA class transformer
2026-02-18T10:18:14.485+05:30  INFO 16600 --- [demo] [main] com.zaxxer.hikari.HikariDataSource       : HikariPool-1 - Starting...
2026-02-18T10:18:14.862+05:30  INFO 16600 --- [demo] [main] com.zaxxer.hikari.pool.HikariPool        : HikariPool-1 - Added connection org.postgresql.jdbc.PgConnection@5e2975ca
2026-02-18T10:18:14.864+05:30  INFO 16600 --- [demo] [main] com.zaxxer.hikari.HikariDataSource       : HikariPool-1 - Start completed.
2026-02-18T10:18:14.937+05:30  WARN 16600 --- [demo] [main] org.hibernate.orm.deprecation            : HHH90000025: PostgreSQLDialect does not need to be specified explicitly using 'hibernate.dialect' (remove the property setting and it will be selected by default)
2026-02-18T10:18:14.994+05:30  INFO 16600 --- [demo] [main] org.hibernate.orm.connections.pooling    : HHH10001005: Database info:
	Database JDBC URL [jdbc:postgresql://localhost:5432/Assignment]
	Database driver: PostgreSQL JDBC Driver
	Database dialect: PostgreSQLDialect
	Database version: 18.1
	Default catalog/schema: Assignment/public
	Autocommit mode: undefined/unknown
	Isolation level: READ_COMMITTED [default READ_COMMITTED]
	JDBC fetch size: none
	Pool: DataSourceConnectionProvider
	Minimum pool size: undefined/unknown
	Maximum pool size: undefined/unknown
2026-02-18T10:18:16.349+05:30  INFO 16600 --- [demo] [main] org.hibernate.orm.core                   : HHH000489: No JTA platform available (set 'hibernate.transaction.jta.platform' to enable JTA platform integration)
2026-02-18T10:18:16.463+05:30  INFO 16600 --- [demo] [main] j.LocalContainerEntityManagerFactoryBean : Initialized JPA EntityManagerFactory for persistence unit 'default'
2026-02-18T10:18:16.651+05:30  INFO 16600 --- [demo] [main] o.s.d.j.r.query.QueryEnhancerFactories   : Hibernate is in classpath; If applicable, HQL parser will be used.
2026-02-18T10:18:18.166+05:30  WARN 16600 --- [demo] [main] JpaBaseConfiguration$JpaWebConfiguration : spring.jpa.open-in-view is enabled by default. Therefore, database queries may be performed during view rendering. Explicitly configure spring.jpa.open-in-view to disable this warning
2026-02-18T10:18:18.239+05:30  INFO 16600 --- [demo] [main] o.s.v.b.OptionalValidatorFactoryBean     : Failed to set up a Bean Validation provider: jakarta.validation.NoProviderFoundException: Unable to create a Configuration, because no Jakarta Validation provider could be found. Add a provider like Hibernate Validator (RI) to your classpath.
2026-02-18T10:18:19.005+05:30  INFO 16600 --- [demo] [main] o.s.boot.tomcat.TomcatWebServer          : Tomcat started on port 5000 (http) with context path '/'
2026-02-18T10:18:19.023+05:30  INFO 16600 --- [demo] [main] com.example.demo.DemoApplication         : Started DemoApplication in 9.508 seconds (process running for 11.081)
2026-02-18T10:18:47.720+05:30  INFO 16600 --- [demo] [http-nio-5000-exec-1] o.a.c.c.C.[Tomcat].[localhost].[/]       : Initializing Spring DispatcherServlet 'dispatcherServlet'
2026-02-18T10:18:47.720+05:30  INFO 16600 --- [demo] [http-nio-5000-exec-1] o.s.web.servlet.DispatcherServlet        : Initializing Servlet 'dispatcherServlet'
2026-02-18T10:18:47.722+05:30  INFO 16600 --- [demo] [http-nio-5000-exec-1] o.s.web.servlet.DispatcherServlet        : Completed initialization in 0 ms
2026-02-18T10:18:48.923+05:30  INFO 16600 --- [demo] [http-nio-5000-exec-8] o.springdoc.api.AbstractOpenApiResource  : Init duration for springdoc-openapi is: 726 ms
2026-02-18T10:25:56.762+05:30  INFO 5480 --- [demo] [main] com.example.demo.DemoApplication         : Starting DemoApplication using Java 17.0.12 with PID 5480 (C:\Users\Wissen\Desktop\REST_ASSIGNMENT_STUDENT\demo\target\classes started by Wissen in C:\Users\Wissen\Desktop\REST_ASSIGNMENT_STUDENT\demo)
2026-02-18T10:25:56.762+05:30  INFO 5480 --- [demo] [main] com.example.demo.DemoApplication         : No active profile set, falling back to 1 default profile: "default"
2026-02-18T10:25:58.171+05:30  INFO 5480 --- [demo] [main] .s.d.r.c.RepositoryConfigurationDelegate : Bootstrapping Spring Data JPA repositories in DEFAULT mode.
2026-02-18T10:25:58.277+05:30  INFO 5480 --- [demo] [main] .s.d.r.c.RepositoryConfigurationDelegate : Finished Spring Data repository scanning in 87 ms. Found 1 JPA repository interface.
2026-02-18T10:25:59.061+05:30  INFO 5480 --- [demo] [main] o.s.boot.tomcat.TomcatWebServer          : Tomcat initialized with port 5000 (http)
2026-02-18T10:25:59.087+05:30  INFO 5480 --- [demo] [main] o.apache.catalina.core.StandardService   : Starting service [Tomcat]
2026-02-18T10:25:59.087+05:30  INFO 5480 --- [demo] [main] o.apache.catalina.core.StandardEngine    : Starting Servlet engine: [Apache Tomcat/11.0.15]
2026-02-18T10:25:59.202+05:30  INFO 5480 --- [demo] [main] b.w.c.s.WebApplicationContextInitializer : Root WebApplicationContext: initialization completed in 2344 ms
2026-02-18T10:25:59.479+05:30  INFO 5480 --- [demo] [main] org.hibernate.orm.jpa                    : HHH008540: Processing PersistenceUnitInfo [name: default]
2026-02-18T10:25:59.621+05:30  INFO 5480 --- [demo] [main] org.hibernate.orm.core                   : HHH000001: Hibernate ORM core version 7.2.1.Final
2026-02-18T10:26:00.534+05:30  INFO 5480 --- [demo] [main] o.s.o.j.p.SpringPersistenceUnitInfo      : No LoadTimeWeaver setup: ignoring JPA class transformer
2026-02-18T10:26:00.614+05:30  INFO 5480 --- [demo] [main] com.zaxxer.hikari.HikariDataSource       : HikariPool-1 - Starting...
2026-02-18T10:26:00.983+05:30  INFO 5480 --- [demo] [main] com.zaxxer.hikari.pool.HikariPool        : HikariPool-1 - Added connection org.postgresql.jdbc.PgConnection@2d3b0978
2026-02-18T10:26:00.983+05:30  INFO 5480 --- [demo] [main] com.zaxxer.hikari.HikariDataSource       : HikariPool-1 - Start completed.
2026-02-18T10:26:01.048+05:30  WARN 5480 --- [demo] [main] org.hibernate.orm.deprecation            : HHH90000025: PostgreSQLDialect does not need to be specified explicitly using 'hibernate.dialect' (remove the property setting and it will be selected by default)
2026-02-18T10:26:01.098+05:30  INFO 5480 --- [demo] [main] org.hibernate.orm.connections.pooling    : HHH10001005: Database info:
	Database JDBC URL [jdbc:postgresql://localhost:5432/Assignment]
	Database driver: PostgreSQL JDBC Driver
	Database dialect: PostgreSQLDialect
	Database version: 18.1
	Default catalog/schema: Assignment/public
	Autocommit mode: undefined/unknown
	Isolation level: READ_COMMITTED [default READ_COMMITTED]
	JDBC fetch size: none
	Pool: DataSourceConnectionProvider
	Minimum pool size: undefined/unknown
	Maximum pool size: undefined/unknown
2026-02-18T10:26:02.400+05:30  INFO 5480 --- [demo] [main] org.hibernate.orm.core                   : HHH000489: No JTA platform available (set 'hibernate.transaction.jta.platform' to enable JTA platform integration)
2026-02-18T10:26:02.483+05:30  INFO 5480 --- [demo] [main] j.LocalContainerEntityManagerFactoryBean : Initialized JPA EntityManagerFactory for persistence unit 'default'
2026-02-18T10:26:02.612+05:30  INFO 5480 --- [demo] [main] o.s.d.j.r.query.QueryEnhancerFactories   : Hibernate is in classpath; If applicable, HQL parser will be used.
2026-02-18T10:26:04.076+05:30  WARN 5480 --- [demo] [main] JpaBaseConfiguration$JpaWebConfiguration : spring.jpa.open-in-view is enabled by default. Therefore, database queries may be performed during view rendering. Explicitly configure spring.jpa.open-in-view to disable this warning
2026-02-18T10:26:04.140+05:30  INFO 5480 --- [demo] [main] o.s.v.b.OptionalValidatorFactoryBean     : Failed to set up a Bean Validation provider: jakarta.validation.NoProviderFoundException: Unable to create a Configuration, because no Jakarta Validation provider could be found. Add a provider like Hibernate Validator (RI) to your classpath.
2026-02-18T10:26:04.886+05:30  INFO 5480 --- [demo] [main] o.s.boot.tomcat.TomcatWebServer          : Tomcat started on port 5000 (http) with context path '/'
2026-02-18T10:26:04.905+05:30  INFO 5480 --- [demo] [main] com.example.demo.DemoApplication         : Started DemoApplication in 8.966 seconds (process running for 10.117)
2026-02-18T10:26:15.147+05:30  INFO 5480 --- [demo] [http-nio-5000-exec-1] o.a.c.c.C.[Tomcat].[localhost].[/]       : Initializing Spring DispatcherServlet 'dispatcherServlet'
2026-02-18T10:26:15.154+05:30  INFO 5480 --- [demo] [http-nio-5000-exec-1] o.s.web.servlet.DispatcherServlet        : Initializing Servlet 'dispatcherServlet'
2026-02-18T10:26:15.156+05:30  INFO 5480 --- [demo] [http-nio-5000-exec-1] o.s.web.servlet.DispatcherServlet        : Completed initialization in 2 ms
2026-02-18T10:26:16.434+05:30  INFO 5480 --- [demo] [http-nio-5000-exec-5] o.springdoc.api.AbstractOpenApiResource  : Init duration for springdoc-openapi is: 904 ms
2026-02-18T10:27:57.537+05:30  WARN 5480 --- [demo] [http-nio-5000-exec-8] .w.s.m.s.DefaultHandlerExceptionResolver : Resolved [org.springframework.http.converter.HttpMessageNotReadableException: JSON parse error: Unexpected end-of-input: expected close marker for Object (start marker at [Source: REDACTED (`StreamReadFeature.INCLUDE_SOURCE_IN_LOCATION` disabled); byte offset: #UNKNOWN])]
2026-02-18T10:27:58.962+05:30  WARN 5480 --- [demo] [http-nio-5000-exec-9] .w.s.m.s.DefaultHandlerExceptionResolver : Resolved [org.springframework.http.converter.HttpMessageNotReadableException: JSON parse error: Unexpected end-of-input: expected close marker for Object (start marker at [Source: REDACTED (`StreamReadFeature.INCLUDE_SOURCE_IN_LOCATION` disabled); byte offset: #UNKNOWN])]
2026-02-18T10:29:28.194+05:30  INFO 5480 --- [demo] [SpringApplicationShutdownHook] o.s.boot.tomcat.GracefulShutdown         : Commencing graceful shutdown. Waiting for active requests to complete
2026-02-18T10:29:29.213+05:30  INFO 5480 --- [demo] [tomcat-shutdown] o.s.boot.tomcat.GracefulShutdown         : Graceful shutdown complete
2026-02-18T10:29:29.224+05:30  INFO 5480 --- [demo] [SpringApplicationShutdownHook] j.LocalContainerEntityManagerFactoryBean : Closing JPA EntityManagerFactory for persistence unit 'default'
2026-02-18T10:29:29.228+05:30  INFO 5480 --- [demo] [SpringApplicationShutdownHook] com.zaxxer.hikari.HikariDataSource       : HikariPool-1 - Shutdown initiated...
2026-02-18T10:29:29.239+05:30  INFO 5480 --- [demo] [SpringApplicationShutdownHook] com.zaxxer.hikari.HikariDataSource       : HikariPool-1 - Shutdown completed.
